<?xml version="1.0" encoding="UTF-8"?>
<!-- Generated by org.testng.reporters.JUnitReportReporter -->
<testsuite skipped="0" hostname="DESKTOP-28I32HK" name="com.guru99.automation.FirstTestNGByG99" tests="2" failures="0" timestamp="12 Jan 2019 21:53:20 GMT" time="6.400" errors="0">
  <testcase name="invokeBrowser" time="6.393" classname="com.guru99.automation.FirstTestNGByG99"/>
  <testcase name="f" time="0.007" classname="com.guru99.automation.FirstTestNGByG99"/>
</testsuite> <!-- com.guru99.automation.FirstTestNGByG99 -->
