<?xml version="1.0" encoding="UTF-8"?>
<!-- Generated by org.testng.reporters.JUnitReportReporter -->
<testsuite skipped="0" hostname="DESKTOP-28I32HK" name="com.mayuautomation.selenium.com.mayuautomation.selenium.testNG.NewTestFaccebookLogin" tests="2" failures="0" timestamp="20 Jan 2019 10:42:36 GMT" time="20.314" errors="0">
  <testcase name="facebookLogin" time="6.493" classname="com.mayuautomation.selenium.com.mayuautomation.selenium.testNG.NewTestFaccebookLogin"/>
  <testcase name="openBrowser" time="13.821" classname="com.mayuautomation.selenium.com.mayuautomation.selenium.testNG.NewTestFaccebookLogin"/>
</testsuite> <!-- com.mayuautomation.selenium.com.mayuautomation.selenium.testNG.NewTestFaccebookLogin -->
