<?xml version="1.0" encoding="UTF-8"?>
<!-- Generated by org.testng.reporters.JUnitReportReporter -->
<testsuite skipped="0" hostname="DESKTOP-28I32HK" name="com.mayuautomation.selenium.com.mayuautomation.selenium.testNG.NewGroupingTestNG" tests="3" failures="0" timestamp="13 Jan 2019 13:43:38 GMT" time="0.021" errors="0">
  <testcase name="f1" time="0.016" classname="com.mayuautomation.selenium.com.mayuautomation.selenium.testNG.NewGroupingTestNG"/>
  <testcase name="f4" time="0.002" classname="com.mayuautomation.selenium.com.mayuautomation.selenium.testNG.NewGroupingTestNG"/>
  <testcase name="f3" time="0.003" classname="com.mayuautomation.selenium.com.mayuautomation.selenium.testNG.NewGroupingTestNG"/>
</testsuite> <!-- com.mayuautomation.selenium.com.mayuautomation.selenium.testNG.NewGroupingTestNG -->
