<?xml version="1.0" encoding="UTF-8"?>
<!-- Generated by org.testng.reporters.JUnitReportReporter -->
<testsuite skipped="0" hostname="DESKTOP-28I32HK" name="com.Grid.Node2" tests="1" failures="0" timestamp="03 Jan 2019 19:48:04 GMT" time="12.994" errors="0">
  <testcase name="f" time="12.994" classname="com.Grid.Node2"/>
</testsuite> <!-- com.Grid.Node2 -->
