<?xml version="1.0" encoding="UTF-8"?>
<!-- Generated by org.testng.reporters.JUnitReportReporter -->
<testsuite skipped="0" hostname="DESKTOP-28I32HK" name="com.mayuautomation.selenium.com.mayuautomation.selenium.testNG.GroupingTestNG" tests="5" failures="0" timestamp="13 Jan 2019 13:43:38 GMT" time="0.010" errors="0">
  <testcase name="g1" time="0.002" classname="com.mayuautomation.selenium.com.mayuautomation.selenium.testNG.GroupingTestNG"/>
  <testcase name="g2" time="0.001" classname="com.mayuautomation.selenium.com.mayuautomation.selenium.testNG.GroupingTestNG"/>
  <testcase name="g4" time="0.002" classname="com.mayuautomation.selenium.com.mayuautomation.selenium.testNG.GroupingTestNG"/>
  <testcase name="g3" time="0.002" classname="com.mayuautomation.selenium.com.mayuautomation.selenium.testNG.GroupingTestNG"/>
  <testcase name="g5" time="0.003" classname="com.mayuautomation.selenium.com.mayuautomation.selenium.testNG.GroupingTestNG"/>
</testsuite> <!-- com.mayuautomation.selenium.com.mayuautomation.selenium.testNG.GroupingTestNG -->
