<?xml version="1.0" encoding="UTF-8"?>
<!-- Generated by org.testng.reporters.JUnitReportReporter -->
<testsuite skipped="0" hostname="DESKTOP-28I32HK" name="com.Grid.Node1" tests="1" failures="0" timestamp="03 Jan 2019 19:48:04 GMT" time="16.896" errors="0">
  <testcase name="f" time="16.896" classname="com.Grid.Node1"/>
</testsuite> <!-- com.Grid.Node1 -->
