<?xml version="1.0" encoding="UTF-8"?>
<!-- Generated by org.testng.reporters.JUnitReportReporter -->
<testsuite skipped="0" hostname="DESKTOP-28I32HK" name="com.mayuautomation.selenium.com.mayuautomation.selenium.testNG.TestTestNGAnnotations" tests="6" failures="0" timestamp="02 Jan 2019 19:53:15 GMT" time="0.012" errors="0">
  <testcase name="s" time="0.000" classname="com.mayuautomation.selenium.com.mayuautomation.selenium.testNG.TestTestNGAnnotations"/>
  <testcase name="p" time="0.008" classname="com.mayuautomation.selenium.com.mayuautomation.selenium.testNG.TestTestNGAnnotations"/>
  <testcase name="a" time="0.001" classname="com.mayuautomation.selenium.com.mayuautomation.selenium.testNG.TestTestNGAnnotations"/>
  <testcase name="k" time="0.001" classname="com.mayuautomation.selenium.com.mayuautomation.selenium.testNG.TestTestNGAnnotations"/>
  <testcase name="m" time="0.001" classname="com.mayuautomation.selenium.com.mayuautomation.selenium.testNG.TestTestNGAnnotations"/>
  <testcase name="u" time="0.001" classname="com.mayuautomation.selenium.com.mayuautomation.selenium.testNG.TestTestNGAnnotations"/>
</testsuite> <!-- com.mayuautomation.selenium.com.mayuautomation.selenium.testNG.TestTestNGAnnotations -->
