<?xml version="1.0" encoding="UTF-8"?>
<!-- Generated by org.testng.reporters.JUnitReportReporter -->
<testsuite skipped="0" hostname="DESKTOP-28I32HK" name="com.guru99.automation.GenerateExtentReport" tests="2" failures="0" timestamp="19 Jan 2019 06:03:37 GMT" time="9.405" errors="0">
  <testcase name="loginButtonWorkVerification" time="6.147" classname="com.guru99.automation.GenerateExtentReport"/>
  <testcase name="addUser" time="3.258" classname="com.guru99.automation.GenerateExtentReport"/>
</testsuite> <!-- com.guru99.automation.GenerateExtentReport -->
