<?xml version="1.0" encoding="UTF-8"?>
<!-- Generated by org.testng.reporters.JUnitReportReporter -->
<testsuite skipped="0" hostname="DESKTOP-28I32HK" name="com.mayuautomation.selenium.com.mayuautomation.selenium.testNG.NewTestFaccebookLogin" tests="2" failures="0" timestamp="03 Jan 2019 16:48:50 GMT" time="19.856" errors="0">
  <testcase name="openBrowser" time="10.681" classname="com.mayuautomation.selenium.com.mayuautomation.selenium.testNG.NewTestFaccebookLogin"/>
  <testcase name="facebookLogin" time="9.175" classname="com.mayuautomation.selenium.com.mayuautomation.selenium.testNG.NewTestFaccebookLogin"/>
</testsuite> <!-- com.mayuautomation.selenium.com.mayuautomation.selenium.testNG.NewTestFaccebookLogin -->
