<?xml version="1.0" encoding="UTF-8"?>
<!-- Generated by org.testng.reporters.JUnitReportReporter -->
<testsuite skipped="0" hostname="DESKTOP-28I32HK" name="com.guru99.automation.BeforeMethodTest" tests="2" failures="0" timestamp="13 Jan 2019 11:36:28 GMT" time="8.557" errors="0">
  <testcase name="register" time="5.144" classname="com.guru99.automation.BeforeMethodTest"/>
  <testcase name="support" time="3.413" classname="com.guru99.automation.BeforeMethodTest"/>
</testsuite> <!-- com.guru99.automation.BeforeMethodTest -->
