<?xml version="1.0" encoding="UTF-8"?>
<!-- Generated by org.testng.reporters.JUnitReportReporter -->
<testsuite skipped="0" hostname="DESKTOP-28I32HK" name="com.framework.pages.LoginPage" tests="2" failures="0" timestamp="20 Jan 2019 12:00:10 GMT" time="12.511" errors="0">
  <testcase name="loginTest" time="11.053" classname="com.framework.pages.LoginPage"/>
  <testcase name="invalidLogin" time="1.458" classname="com.framework.pages.LoginPage"/>
</testsuite> <!-- com.framework.pages.LoginPage -->
